<?xml version="1.0" encoding="UTF-8"?>
<testng-results ignored="0" total="1" passed="1" failed="0" skipped="0">
  <reporter-output>
  </reporter-output>
  <suite started-at="2021-08-02T01:43:03 IST" name="Default suite" finished-at="2021-08-02T01:43:14 IST" duration-ms="11369">
    <groups>
    </groups>
    <test started-at="2021-08-02T01:43:03 IST" name="Default test" finished-at="2021-08-02T01:43:14 IST" duration-ms="11369">
      <class name="com.qa.tests.PostAPITest">
        <test-method is-config="true" signature="setup()[pri:0, instance:com.qa.tests.PostAPITest@68e965f5]" started-at="2021-08-02T01:43:03 IST" name="setup" finished-at="2021-08-02T01:43:03 IST" duration-ms="5" status="PASS">
          <reporter-output>
          </reporter-output>
        </test-method> <!-- setup -->
        <test-method signature="postAPITest()[pri:0, instance:com.qa.tests.PostAPITest@68e965f5]" started-at="2021-08-02T01:43:03 IST" name="postAPITest" finished-at="2021-08-02T01:43:14 IST" duration-ms="11300" status="PASS">
          <reporter-output>
          </reporter-output>
        </test-method> <!-- postAPITest -->
      </class> <!-- com.qa.tests.PostAPITest -->
    </test> <!-- Default test -->
  </suite> <!-- Default suite -->
</testng-results>
